{"/home/dorellana/Escritorio/node/book-api/config/db.js": {"path":"/home/dorellana/Escritorio/node/book-api/config/db.js","statementMap":{"0":{"start":{"line":1,"column":22},"end":{"line":1,"column":42}},"1":{"start":{"line":2,"column":0},"end":{"line":2,"column":27}},"2":{"start":{"line":4,"column":18},"end":{"line":14,"column":1}},"3":{"start":{"line":16,"column":0},"end":{"line":16,"column":27}}},"fnMap":{},"branchMap":{},"s":{"0":1,"1":1,"2":1,"3":1},"f":{},"b":{},"_coverageSchema":"1a1c01bbd47fc00a2c39e90264f33305004495a9","hash":"4b09310b12c92fc03c9ddaf2c42c1acf43a5888a"}
,"/home/dorellana/Escritorio/node/book-api/controllers/auth.controller.js": {"path":"/home/dorellana/Escritorio/node/book-api/controllers/auth.controller.js","statementMap":{"0":{"start":{"line":1,"column":15},"end":{"line":1,"column":32}},"1":{"start":{"line":2,"column":13},"end":{"line":2,"column":38}},"2":{"start":{"line":3,"column":19},"end":{"line":3,"column":53}},"3":{"start":{"line":5,"column":19},"end":{"line":5,"column":21}},"4":{"start":{"line":8,"column":40},"end":{"line":8,"column":48}},"5":{"start":{"line":10,"column":2},"end":{"line":12,"column":3}},"6":{"start":{"line":11,"column":4},"end":{"line":11,"column":80}},"7":{"start":{"line":14,"column":2},"end":{"line":20,"column":3}},"8":{"start":{"line":15,"column":25},"end":{"line":15,"column":64}},"9":{"start":{"line":16,"column":17},"end":{"line":16,"column":69}},"10":{"start":{"line":17,"column":4},"end":{"line":17,"column":70}},"11":{"start":{"line":19,"column":4},"end":{"line":19,"column":92}},"12":{"start":{"line":24,"column":30},"end":{"line":24,"column":38}},"13":{"start":{"line":26,"column":15},"end":{"line":26,"column":55}},"14":{"start":{"line":27,"column":2},"end":{"line":27,"column":78}},"15":{"start":{"line":27,"column":13},"end":{"line":27,"column":78}},"16":{"start":{"line":29,"column":16},"end":{"line":29,"column":65}},"17":{"start":{"line":30,"column":2},"end":{"line":30,"column":79}},"18":{"start":{"line":30,"column":14},"end":{"line":30,"column":79}},"19":{"start":{"line":32,"column":16},"end":{"line":32,"column":67}},"20":{"start":{"line":33,"column":2},"end":{"line":33,"column":22}},"21":{"start":{"line":36,"column":0},"end":{"line":36,"column":37}}},"fnMap":{"0":{"name":"register","decl":{"start":{"line":7,"column":15},"end":{"line":7,"column":23}},"loc":{"start":{"line":7,"column":34},"end":{"line":21,"column":1}},"line":7},"1":{"name":"login","decl":{"start":{"line":23,"column":15},"end":{"line":23,"column":20}},"loc":{"start":{"line":23,"column":31},"end":{"line":34,"column":1}},"line":23}},"branchMap":{"0":{"loc":{"start":{"line":10,"column":2},"end":{"line":12,"column":3}},"type":"if","locations":[{"start":{"line":10,"column":2},"end":{"line":12,"column":3}},{"start":{},"end":{}}],"line":10},"1":{"loc":{"start":{"line":10,"column":6},"end":{"line":10,"column":38}},"type":"binary-expr","locations":[{"start":{"line":10,"column":6},"end":{"line":10,"column":15}},{"start":{"line":10,"column":19},"end":{"line":10,"column":25}},{"start":{"line":10,"column":29},"end":{"line":10,"column":38}}],"line":10},"2":{"loc":{"start":{"line":27,"column":2},"end":{"line":27,"column":78}},"type":"if","locations":[{"start":{"line":27,"column":2},"end":{"line":27,"column":78}},{"start":{},"end":{}}],"line":27},"3":{"loc":{"start":{"line":30,"column":2},"end":{"line":30,"column":79}},"type":"if","locations":[{"start":{"line":30,"column":2},"end":{"line":30,"column":79}},{"start":{},"end":{}}],"line":30}},"s":{"0":1,"1":1,"2":1,"3":1,"4":0,"5":0,"6":0,"7":0,"8":0,"9":0,"10":0,"11":0,"12":0,"13":0,"14":0,"15":0,"16":0,"17":0,"18":0,"19":0,"20":0,"21":1},"f":{"0":0,"1":0},"b":{"0":[0,0],"1":[0,0,0],"2":[0,0],"3":[0,0]},"_coverageSchema":"1a1c01bbd47fc00a2c39e90264f33305004495a9","hash":"d45a07ddb3dac97ee84c4aef2770cf8cd1bd0868"}
,"/home/dorellana/Escritorio/node/book-api/models/user.js": {"path":"/home/dorellana/Escritorio/node/book-api/models/user.js","statementMap":{"0":{"start":{"line":1,"column":22},"end":{"line":1,"column":42}},"1":{"start":{"line":2,"column":18},"end":{"line":2,"column":41}},"2":{"start":{"line":4,"column":13},"end":{"line":20,"column":2}},"3":{"start":{"line":22,"column":0},"end":{"line":22,"column":22}}},"fnMap":{},"branchMap":{},"s":{"0":1,"1":1,"2":1,"3":1},"f":{},"b":{},"_coverageSchema":"1a1c01bbd47fc00a2c39e90264f33305004495a9","hash":"d2d1577a127dc9dfd0532ef04780fba52765e05b"}
,"/home/dorellana/Escritorio/node/book-api/routes/auth.routes.js": {"path":"/home/dorellana/Escritorio/node/book-api/routes/auth.routes.js","statementMap":{"0":{"start":{"line":1,"column":16},"end":{"line":1,"column":34}},"1":{"start":{"line":2,"column":19},"end":{"line":2,"column":60}},"2":{"start":{"line":4,"column":15},"end":{"line":4,"column":31}},"3":{"start":{"line":6,"column":0},"end":{"line":6,"column":46}},"4":{"start":{"line":7,"column":0},"end":{"line":7,"column":40}},"5":{"start":{"line":9,"column":0},"end":{"line":9,"column":24}}},"fnMap":{},"branchMap":{},"s":{"0":1,"1":1,"2":1,"3":1,"4":1,"5":1},"f":{},"b":{},"_coverageSchema":"1a1c01bbd47fc00a2c39e90264f33305004495a9","hash":"2548306149f6e35a51600eb9b6fc455a53387f64"}
,"/home/dorellana/Escritorio/node/book-api/services/jwt.service.js": {"path":"/home/dorellana/Escritorio/node/book-api/services/jwt.service.js","statementMap":{"0":{"start":{"line":1,"column":12},"end":{"line":1,"column":35}},"1":{"start":{"line":2,"column":0},"end":{"line":2,"column":27}},"2":{"start":{"line":5,"column":2},"end":{"line":5,"column":72}},"3":{"start":{"line":8,"column":0},"end":{"line":8,"column":26}}},"fnMap":{"0":{"name":"sign","decl":{"start":{"line":4,"column":9},"end":{"line":4,"column":13}},"loc":{"start":{"line":4,"column":23},"end":{"line":6,"column":1}},"line":4}},"branchMap":{},"s":{"0":1,"1":1,"2":0,"3":1},"f":{"0":0},"b":{},"_coverageSchema":"1a1c01bbd47fc00a2c39e90264f33305004495a9","hash":"75f821444aaaacaf4b85752aceb5ee2679039636"}
}
