{"/home/dorellana/Escritorio/node/book-api/config/db.js": {"path":"/home/dorellana/Escritorio/node/book-api/config/db.js","statementMap":{"0":{"start":{"line":1,"column":22},"end":{"line":1,"column":42}},"1":{"start":{"line":2,"column":0},"end":{"line":2,"column":27}},"2":{"start":{"line":3,"column":0},"end":{"line":5,"column":1}},"3":{"start":{"line":4,"column":2},"end":{"line":4,"column":50}},"4":{"start":{"line":7,"column":18},"end":{"line":17,"column":1}},"5":{"start":{"line":19,"column":0},"end":{"line":19,"column":27}}},"fnMap":{},"branchMap":{"0":{"loc":{"start":{"line":3,"column":0},"end":{"line":5,"column":1}},"type":"if","locations":[{"start":{"line":3,"column":0},"end":{"line":5,"column":1}},{"start":{},"end":{}}],"line":3}},"s":{"0":2,"1":2,"2":2,"3":2,"4":2,"5":2},"f":{},"b":{"0":[2,0]},"_coverageSchema":"1a1c01bbd47fc00a2c39e90264f33305004495a9","hash":"4ad593de9e70d9d4fcd04415ee2568fec7ec09cf"}
,"/home/dorellana/Escritorio/node/book-api/controllers/auth.controller.js": {"path":"/home/dorellana/Escritorio/node/book-api/controllers/auth.controller.js","statementMap":{"0":{"start":{"line":1,"column":15},"end":{"line":1,"column":32}},"1":{"start":{"line":2,"column":13},"end":{"line":2,"column":38}},"2":{"start":{"line":3,"column":19},"end":{"line":3,"column":53}},"3":{"start":{"line":5,"column":19},"end":{"line":5,"column":21}},"4":{"start":{"line":8,"column":40},"end":{"line":8,"column":48}},"5":{"start":{"line":10,"column":2},"end":{"line":12,"column":3}},"6":{"start":{"line":11,"column":4},"end":{"line":11,"column":80}},"7":{"start":{"line":14,"column":2},"end":{"line":20,"column":3}},"8":{"start":{"line":15,"column":25},"end":{"line":15,"column":64}},"9":{"start":{"line":16,"column":17},"end":{"line":16,"column":69}},"10":{"start":{"line":17,"column":4},"end":{"line":17,"column":70}},"11":{"start":{"line":19,"column":4},"end":{"line":19,"column":92}},"12":{"start":{"line":24,"column":30},"end":{"line":24,"column":38}},"13":{"start":{"line":26,"column":15},"end":{"line":26,"column":55}},"14":{"start":{"line":27,"column":2},"end":{"line":27,"column":78}},"15":{"start":{"line":27,"column":13},"end":{"line":27,"column":78}},"16":{"start":{"line":29,"column":16},"end":{"line":29,"column":65}},"17":{"start":{"line":30,"column":2},"end":{"line":30,"column":79}},"18":{"start":{"line":30,"column":14},"end":{"line":30,"column":79}},"19":{"start":{"line":32,"column":16},"end":{"line":32,"column":67}},"20":{"start":{"line":33,"column":2},"end":{"line":33,"column":22}},"21":{"start":{"line":36,"column":0},"end":{"line":36,"column":37}}},"fnMap":{"0":{"name":"register","decl":{"start":{"line":7,"column":15},"end":{"line":7,"column":23}},"loc":{"start":{"line":7,"column":34},"end":{"line":21,"column":1}},"line":7},"1":{"name":"login","decl":{"start":{"line":23,"column":15},"end":{"line":23,"column":20}},"loc":{"start":{"line":23,"column":31},"end":{"line":34,"column":1}},"line":23}},"branchMap":{"0":{"loc":{"start":{"line":10,"column":2},"end":{"line":12,"column":3}},"type":"if","locations":[{"start":{"line":10,"column":2},"end":{"line":12,"column":3}},{"start":{},"end":{}}],"line":10},"1":{"loc":{"start":{"line":10,"column":6},"end":{"line":10,"column":38}},"type":"binary-expr","locations":[{"start":{"line":10,"column":6},"end":{"line":10,"column":15}},{"start":{"line":10,"column":19},"end":{"line":10,"column":25}},{"start":{"line":10,"column":29},"end":{"line":10,"column":38}}],"line":10},"2":{"loc":{"start":{"line":27,"column":2},"end":{"line":27,"column":78}},"type":"if","locations":[{"start":{"line":27,"column":2},"end":{"line":27,"column":78}},{"start":{},"end":{}}],"line":27},"3":{"loc":{"start":{"line":30,"column":2},"end":{"line":30,"column":79}},"type":"if","locations":[{"start":{"line":30,"column":2},"end":{"line":30,"column":79}},{"start":{},"end":{}}],"line":30}},"s":{"0":2,"1":2,"2":2,"3":2,"4":2,"5":2,"6":0,"7":2,"8":2,"9":2,"10":2,"11":0,"12":2,"13":2,"14":2,"15":0,"16":2,"17":2,"18":0,"19":2,"20":2,"21":2},"f":{"0":2,"1":2},"b":{"0":[0,2],"1":[2,2,2],"2":[0,2],"3":[0,2]},"_coverageSchema":"1a1c01bbd47fc00a2c39e90264f33305004495a9","hash":"d45a07ddb3dac97ee84c4aef2770cf8cd1bd0868"}
,"/home/dorellana/Escritorio/node/book-api/controllers/books.controller.js": {"path":"/home/dorellana/Escritorio/node/book-api/controllers/books.controller.js","statementMap":{"0":{"start":{"line":1,"column":13},"end":{"line":1,"column":38}},"1":{"start":{"line":4,"column":16},"end":{"line":4,"column":70}},"2":{"start":{"line":5,"column":2},"end":{"line":5,"column":18}},"3":{"start":{"line":9,"column":15},"end":{"line":9,"column":88}},"4":{"start":{"line":10,"column":2},"end":{"line":10,"column":75}},"5":{"start":{"line":10,"column":13},"end":{"line":10,"column":75}},"6":{"start":{"line":11,"column":2},"end":{"line":11,"column":17}},"7":{"start":{"line":15,"column":56},"end":{"line":15,"column":64}},"8":{"start":{"line":16,"column":15},"end":{"line":22,"column":4}},"9":{"start":{"line":23,"column":2},"end":{"line":23,"column":29}},"10":{"start":{"line":27,"column":15},"end":{"line":27,"column":88}},"11":{"start":{"line":28,"column":2},"end":{"line":28,"column":75}},"12":{"start":{"line":28,"column":13},"end":{"line":28,"column":75}},"13":{"start":{"line":30,"column":2},"end":{"line":30,"column":30}},"14":{"start":{"line":31,"column":2},"end":{"line":31,"column":17}},"15":{"start":{"line":35,"column":15},"end":{"line":35,"column":88}},"16":{"start":{"line":36,"column":2},"end":{"line":36,"column":75}},"17":{"start":{"line":36,"column":13},"end":{"line":36,"column":75}},"18":{"start":{"line":38,"column":2},"end":{"line":38,"column":23}},"19":{"start":{"line":39,"column":2},"end":{"line":39,"column":56}},"20":{"start":{"line":42,"column":0},"end":{"line":42,"column":61}}},"fnMap":{"0":{"name":"getAll","decl":{"start":{"line":3,"column":15},"end":{"line":3,"column":21}},"loc":{"start":{"line":3,"column":32},"end":{"line":6,"column":1}},"line":3},"1":{"name":"getById","decl":{"start":{"line":8,"column":15},"end":{"line":8,"column":22}},"loc":{"start":{"line":8,"column":33},"end":{"line":12,"column":1}},"line":8},"2":{"name":"create","decl":{"start":{"line":14,"column":15},"end":{"line":14,"column":21}},"loc":{"start":{"line":14,"column":32},"end":{"line":24,"column":1}},"line":14},"3":{"name":"update","decl":{"start":{"line":26,"column":15},"end":{"line":26,"column":21}},"loc":{"start":{"line":26,"column":32},"end":{"line":32,"column":1}},"line":26},"4":{"name":"remove","decl":{"start":{"line":34,"column":15},"end":{"line":34,"column":21}},"loc":{"start":{"line":34,"column":32},"end":{"line":40,"column":1}},"line":34}},"branchMap":{"0":{"loc":{"start":{"line":10,"column":2},"end":{"line":10,"column":75}},"type":"if","locations":[{"start":{"line":10,"column":2},"end":{"line":10,"column":75}},{"start":{},"end":{}}],"line":10},"1":{"loc":{"start":{"line":28,"column":2},"end":{"line":28,"column":75}},"type":"if","locations":[{"start":{"line":28,"column":2},"end":{"line":28,"column":75}},{"start":{},"end":{}}],"line":28},"2":{"loc":{"start":{"line":36,"column":2},"end":{"line":36,"column":75}},"type":"if","locations":[{"start":{"line":36,"column":2},"end":{"line":36,"column":75}},{"start":{},"end":{}}],"line":36}},"s":{"0":1,"1":1,"2":1,"3":1,"4":1,"5":0,"6":1,"7":1,"8":1,"9":1,"10":1,"11":1,"12":0,"13":1,"14":1,"15":1,"16":1,"17":0,"18":1,"19":1,"20":1},"f":{"0":1,"1":1,"2":1,"3":1,"4":1},"b":{"0":[0,1],"1":[0,1],"2":[0,1]},"_coverageSchema":"1a1c01bbd47fc00a2c39e90264f33305004495a9","hash":"9d47b1bb8c87ca4eb8ceaadb34a90159a8616292"}
,"/home/dorellana/Escritorio/node/book-api/middlewares/auth.middleware.js": {"path":"/home/dorellana/Escritorio/node/book-api/middlewares/auth.middleware.js","statementMap":{"0":{"start":{"line":1,"column":12},"end":{"line":1,"column":35}},"1":{"start":{"line":2,"column":0},"end":{"line":2,"column":27}},"2":{"start":{"line":4,"column":0},"end":{"line":17,"column":2}},"3":{"start":{"line":5,"column":21},"end":{"line":5,"column":49}},"4":{"start":{"line":6,"column":16},"end":{"line":6,"column":41}},"5":{"start":{"line":8,"column":2},"end":{"line":8,"column":72}},"6":{"start":{"line":8,"column":14},"end":{"line":8,"column":72}},"7":{"start":{"line":10,"column":2},"end":{"line":16,"column":3}},"8":{"start":{"line":11,"column":20},"end":{"line":11,"column":61}},"9":{"start":{"line":12,"column":4},"end":{"line":12,"column":23}},"10":{"start":{"line":13,"column":4},"end":{"line":13,"column":11}},"11":{"start":{"line":15,"column":4},"end":{"line":15,"column":54}}},"fnMap":{"0":{"name":"(anonymous_0)","decl":{"start":{"line":4,"column":17},"end":{"line":4,"column":18}},"loc":{"start":{"line":4,"column":37},"end":{"line":17,"column":1}},"line":4}},"branchMap":{"0":{"loc":{"start":{"line":8,"column":2},"end":{"line":8,"column":72}},"type":"if","locations":[{"start":{"line":8,"column":2},"end":{"line":8,"column":72}},{"start":{},"end":{}}],"line":8}},"s":{"0":1,"1":1,"2":1,"3":5,"4":5,"5":5,"6":0,"7":5,"8":5,"9":5,"10":5,"11":0},"f":{"0":5},"b":{"0":[0,5]},"_coverageSchema":"1a1c01bbd47fc00a2c39e90264f33305004495a9","hash":"8e3f65bd6a4a38650c9ffa54f90c4bb606816157"}
,"/home/dorellana/Escritorio/node/book-api/models/book.js": {"path":"/home/dorellana/Escritorio/node/book-api/models/book.js","statementMap":{"0":{"start":{"line":1,"column":22},"end":{"line":1,"column":42}},"1":{"start":{"line":2,"column":18},"end":{"line":2,"column":41}},"2":{"start":{"line":3,"column":13},"end":{"line":3,"column":30}},"3":{"start":{"line":5,"column":13},"end":{"line":21,"column":2}},"4":{"start":{"line":23,"column":0},"end":{"line":23,"column":66}},"5":{"start":{"line":24,"column":0},"end":{"line":24,"column":47}},"6":{"start":{"line":26,"column":0},"end":{"line":26,"column":22}}},"fnMap":{},"branchMap":{},"s":{"0":1,"1":1,"2":1,"3":1,"4":1,"5":1,"6":1},"f":{},"b":{},"_coverageSchema":"1a1c01bbd47fc00a2c39e90264f33305004495a9","hash":"c433a1f35c09aca71d0ffd925abb00ef63755c1d"}
,"/home/dorellana/Escritorio/node/book-api/models/user.js": {"path":"/home/dorellana/Escritorio/node/book-api/models/user.js","statementMap":{"0":{"start":{"line":1,"column":22},"end":{"line":1,"column":42}},"1":{"start":{"line":2,"column":18},"end":{"line":2,"column":41}},"2":{"start":{"line":4,"column":13},"end":{"line":20,"column":2}},"3":{"start":{"line":22,"column":0},"end":{"line":22,"column":22}}},"fnMap":{},"branchMap":{},"s":{"0":2,"1":2,"2":2,"3":2},"f":{},"b":{},"_coverageSchema":"1a1c01bbd47fc00a2c39e90264f33305004495a9","hash":"d2d1577a127dc9dfd0532ef04780fba52765e05b"}
,"/home/dorellana/Escritorio/node/book-api/routes/auth.routes.js": {"path":"/home/dorellana/Escritorio/node/book-api/routes/auth.routes.js","statementMap":{"0":{"start":{"line":1,"column":16},"end":{"line":1,"column":34}},"1":{"start":{"line":2,"column":19},"end":{"line":2,"column":60}},"2":{"start":{"line":4,"column":15},"end":{"line":4,"column":31}},"3":{"start":{"line":6,"column":0},"end":{"line":6,"column":46}},"4":{"start":{"line":7,"column":0},"end":{"line":7,"column":40}},"5":{"start":{"line":9,"column":0},"end":{"line":9,"column":24}}},"fnMap":{},"branchMap":{},"s":{"0":2,"1":2,"2":2,"3":2,"4":2,"5":2},"f":{},"b":{},"_coverageSchema":"1a1c01bbd47fc00a2c39e90264f33305004495a9","hash":"2548306149f6e35a51600eb9b6fc455a53387f64"}
,"/home/dorellana/Escritorio/node/book-api/routes/books.routes.js": {"path":"/home/dorellana/Escritorio/node/book-api/routes/books.routes.js","statementMap":{"0":{"start":{"line":1,"column":16},"end":{"line":1,"column":34}},"1":{"start":{"line":2,"column":19},"end":{"line":2,"column":61}},"2":{"start":{"line":3,"column":13},"end":{"line":3,"column":54}},"3":{"start":{"line":5,"column":15},"end":{"line":5,"column":31}},"4":{"start":{"line":7,"column":0},"end":{"line":7,"column":17}},"5":{"start":{"line":9,"column":0},"end":{"line":9,"column":35}},"6":{"start":{"line":10,"column":0},"end":{"line":10,"column":39}},"7":{"start":{"line":11,"column":0},"end":{"line":11,"column":36}},"8":{"start":{"line":12,"column":0},"end":{"line":12,"column":38}},"9":{"start":{"line":13,"column":0},"end":{"line":13,"column":41}},"10":{"start":{"line":15,"column":0},"end":{"line":15,"column":24}}},"fnMap":{},"branchMap":{},"s":{"0":1,"1":1,"2":1,"3":1,"4":1,"5":1,"6":1,"7":1,"8":1,"9":1,"10":1},"f":{},"b":{},"_coverageSchema":"1a1c01bbd47fc00a2c39e90264f33305004495a9","hash":"9c402a86c4f1b9f8b977c031037cd76d7103f8e5"}
,"/home/dorellana/Escritorio/node/book-api/services/jwt.service.js": {"path":"/home/dorellana/Escritorio/node/book-api/services/jwt.service.js","statementMap":{"0":{"start":{"line":1,"column":12},"end":{"line":1,"column":35}},"1":{"start":{"line":2,"column":0},"end":{"line":2,"column":27}},"2":{"start":{"line":5,"column":2},"end":{"line":5,"column":72}},"3":{"start":{"line":8,"column":0},"end":{"line":8,"column":26}}},"fnMap":{"0":{"name":"sign","decl":{"start":{"line":4,"column":9},"end":{"line":4,"column":13}},"loc":{"start":{"line":4,"column":23},"end":{"line":6,"column":1}},"line":4}},"branchMap":{},"s":{"0":2,"1":2,"2":2,"3":2},"f":{"0":2},"b":{},"_coverageSchema":"1a1c01bbd47fc00a2c39e90264f33305004495a9","hash":"75f821444aaaacaf4b85752aceb5ee2679039636"}
}
